2026-07-15T02:25:18.048Z-[DEBUG] - trying to locate element - locator('//a[@href="/products"]') in DOM attempt - 1]
2026-07-15T02:25:18.158Z-[INFO] - element - locator('//a[@href="/products"]') found and it is in visible state]
2026-07-15T02:25:18.159Z-[DEBUG] - trying to click an element - locator('//a[@href="/products"]')]
2026-07-15T02:25:18.721Z-[INFO] - element - locator('//a[@href="/products"]') clicked successfully]
2026-07-15T02:25:18.722Z-[DEBUG] - trying to fetch element using selector - (//p[text()="Blue Top"]/parent::div)[1]/a attempt - 1]
2026-07-15T02:25:18.866Z-[INFO] - element fetched successfully using selector - (//p[text()="Blue Top"]/parent::div)[1]/a]
2026-07-15T02:25:18.867Z-[DEBUG] - trying to hover over element - locator('xpath=(//p[text()="Blue Top"]/parent::div)[1]/a') attempt - 1]
2026-07-15T02:25:18.935Z-[INFO] - hovered successfully over element - locator('xpath=(//p[text()="Blue Top"]/parent::div)[1]/a')]
2026-07-15T02:25:18.936Z-[DEBUG] - trying to click an element - locator('xpath=(//p[text()="Blue Top"]/parent::div)[1]/a')]
2026-07-15T02:25:19.079Z-[INFO] - element - locator('xpath=(//p[text()="Blue Top"]/parent::div)[1]/a') clicked successfully]
2026-07-15T02:25:19.080Z-[DEBUG] - trying to click an element - locator('//button[text()="Continue Shopping"]')]
2026-07-15T02:25:19.445Z-[INFO] - element - locator('//button[text()="Continue Shopping"]') clicked successfully]
2026-07-15T02:25:19.446Z-[DEBUG] - trying to click an element - locator('xpath=(//a[@href="/view_cart"])[1]')]
2026-07-15T02:25:20.082Z-[INFO] - element - locator('xpath=(//a[@href="/view_cart"])[1]') clicked successfully]
2026-07-15T02:25:20.142Z-[DEBUG] - trying to click an element - locator('//a[text()="Proceed To Checkout"]')]
2026-07-15T02:25:20.640Z-[INFO] - element - locator('//a[text()="Proceed To Checkout"]') clicked successfully]
2026-07-15T02:25:20.641Z-[DEBUG] - trying to click an element - locator('//a[text()="Place Order"]')]
2026-07-15T02:25:22.343Z-[INFO] - element - locator('//a[text()="Place Order"]') clicked successfully]
2026-07-15T02:25:22.344Z-[DEBUG] - trying to locate element - locator('//h2[text()="Payment"]') in DOM attempt - 1]
2026-07-15T02:25:22.394Z-[INFO] - element - locator('//h2[text()="Payment"]') found and it is in visible state]
